<?xml version="1.0" encoding="utf-8"?><testsuites name="pytest tests"><testsuite name="pytest" errors="0" failures="0" skipped="0" tests="8" time="4.768" timestamp="2026-07-28T00:29:29.060974+00:00" hostname="agent-env-0ad19cd9-5677-4eba-9ff7-ba7a5374d6b2"><testcase classname="tests.test_bots_iter41.TestBotCategoryAndSparkline" name="test_create_bot_with_category_and_shared" time="1.174" /><testcase classname="tests.test_bots_iter41.TestDirectoryAndFeatured" name="test_directory_shape_no_token" time="1.636" /><testcase classname="tests.test_bots_iter41.TestBotCategoryAndSparkline" name="test_create_defaults_category_general" time="0.393" /><testcase classname="tests.test_bots_iter41.TestBotCategoryAndSparkline" name="test_patch_category_persists" time="0.544" /><testcase classname="tests.test_bots_iter41.TestDirectoryAndFeatured" name="test_ingest_updates_sparkline_last_bucket" time="0.812" /><testcase classname="tests.test_bots_iter41.TestCloneInheritsCategory" name="test_clone_inherits_category_and_fresh_token" time="1.605" /><testcase classname="tests.test_bots_iter41.TestDirectoryAndFeatured" name="test_featured_ranking_and_no_token" time="0.762" /><testcase classname="tests.test_bots_iter41.TestDirectoryAndFeatured" name="test_featured_excludes_disabled" time="1.016" /></testsuite></testsuites>