<?xml version="1.0" encoding="utf-8"?><testsuites name="pytest tests"><testsuite name="pytest" errors="0" failures="0" skipped="0" tests="5" time="2.861" timestamp="2026-07-16T03:00:12.381833+00:00" hostname="agent-env-0ad19cd9-5677-4eba-9ff7-ba7a5374d6b2"><testcase classname="tests.test_sfu_and_ring" name="test_rtc_config_sfu_default_off" time="0.463" /><testcase classname="tests.test_sfu_and_ring" name="test_sfu_token_400_when_disabled" time="0.100" /><testcase classname="tests.test_sfu_and_ring" name="test_admin_sfu_config_toggle" time="0.848" /><testcase classname="tests.test_sfu_and_ring" name="test_sfu_config_admin_gated" time="0.096" /><testcase classname="tests.test_sfu_and_ring" name="test_channel_meet_ring_notification" time="1.301" /></testsuite></testsuites>