<?xml version="1.0" encoding="utf-8"?><testsuites name="pytest tests"><testsuite name="pytest" errors="0" failures="1" skipped="0" tests="12" time="3.380" timestamp="2026-07-21T15:34:28.321522+00:00" hostname="agent-env-0ad19cd9-5677-4eba-9ff7-ba7a5374d6b2"><testcase classname="tests.test_storage_db_admin.TestAccessControl" name="test_superadmin_whoami_true" time="0.773" /><testcase classname="tests.test_storage_db_admin.TestOpsWebhook" name="test_save_and_get" time="1.104" /><testcase classname="tests.test_storage_db_admin.TestOpsWebhook" name="test_send_test_returns_ok_false_for_fake" time="0.279" /><testcase classname="tests.test_storage_db_admin.TestOpsWebhook" name="test_clear_webhook" time="0.120" /><testcase classname="tests.test_storage_db_admin.TestStorage" name="test_overview_has_orphan" time="0.129" /><testcase classname="tests.test_storage_db_admin.TestStorage" name="test_delete_orphans_removes_seed" time="0.361" /><testcase classname="tests.test_storage_db_admin.TestAccessControl" name="test_non_admin_forbidden" time="1.157" /><testcase classname="tests.test_storage_db_admin.TestDbOverview" name="test_overview_has_users_protected" time="0.181" /><testcase classname="tests.test_storage_db_admin.TestBackups" name="test_backup_now" time="0.557" /><testcase classname="tests.test_storage_db_admin.TestDbOverview" name="test_browse_qa_throwaway_has_3_docs" time="0.218" /><testcase classname="tests.test_storage_db_admin.TestAudit" name="test_audit_trail_lists_recent" time="0.200"><failure message="AssertionError: assert 'db_purge' in {'db_backup', 'storage_delete_orphans'}">backend/tests/test_storage_db_admin.py:157: in test_audit_trail_lists_recent
    assert "db_purge" in actions
E   AssertionError: assert 'db_purge' in {'db_backup', 'storage_delete_orphans'}</failure></testcase><testcase classname="tests.test_storage_db_admin.TestPurgeThrowaway" name="test_purge_qa_throwaway" time="0.281" /></testsuite></testsuites>