<?xml version="1.0" encoding="utf-8"?><testsuites name="pytest tests"><testsuite name="pytest" errors="0" failures="0" skipped="0" tests="5" time="10.377" timestamp="2026-07-31T19:51:19.783616+00:00" hostname="agent-env-0ad19cd9-5677-4eba-9ff7-ba7a5374d6b2"><testcase classname="tests.test_iter53_channel_routing" name="test_get_alert_channels_has_mode_fields" time="0.483" /><testcase classname="tests.test_iter53_channel_routing" name="test_put_persists_modes" time="0.529" /><testcase classname="tests.test_iter53_channel_routing" name="test_invalid_mode_falls_back_to_all" time="0.498" /><testcase classname="tests.test_iter53_channel_routing" name="test_routing_degraded_and_outage" time="8.005" /><testcase classname="tests.test_iter53_channel_routing" name="test_cleanup_reset_channels" time="0.548" /></testsuite></testsuites>