<?xml version="1.0" encoding="utf-8"?><testsuites name="pytest tests"><testsuite name="pytest" errors="0" failures="0" skipped="0" tests="9" time="6.009" timestamp="2026-07-15T22:32:20.806623+00:00" hostname="agent-env-0ad19cd9-5677-4eba-9ff7-ba7a5374d6b2"><testcase classname="tests.test_avatar_kanban" name="test_login_all_seeds[admin@stitches.app-Admin@123]" time="0.394" /><testcase classname="tests.test_avatar_kanban" name="test_login_all_seeds[demo@stitches.app-Demo@123]" time="0.325" /><testcase classname="tests.test_avatar_kanban" name="test_login_all_seeds[alice@stitches.app-Alice@123]" time="0.357" /><testcase classname="tests.test_avatar_kanban" name="test_login_all_seeds[bob@stitches.app-Bob@123]" time="0.340" /><testcase classname="tests.test_avatar_kanban" name="test_avatar_upload_and_public_fetch" time="0.984" /><testcase classname="tests.test_avatar_kanban" name="test_avatar_image_unknown_user_404" time="0.109" /><testcase classname="tests.test_avatar_kanban" name="test_kanban_full_flow" time="2.225" /><testcase classname="tests.test_avatar_kanban" name="test_delete_project_cascades_tasks" time="0.621" /><testcase classname="tests.test_avatar_kanban" name="test_settings_save_regression" time="0.141" /></testsuite></testsuites>