<?xml version="1.0" encoding="utf-8"?><testsuites name="pytest tests"><testsuite name="pytest" errors="0" failures="0" skipped="0" tests="22" time="6.172" timestamp="2026-07-15T21:52:25.562995+00:00" hostname="agent-env-0ad19cd9-5677-4eba-9ff7-ba7a5374d6b2"><testcase classname="tests.test_threads_mentions_integrations.TestIntegrationFiles" name="test_s3_files_bad_creds_returns_400" time="1.638" /><testcase classname="tests.test_threads_mentions_integrations.TestIntegrationTest" name="test_n8n_test_endpoint" time="1.033" /><testcase classname="tests.test_threads_mentions_integrations.TestIntegrationTest" name="test_llm_test_endpoint" time="0.215" /><testcase classname="tests.test_threads_mentions_integrations.TestIntegrationTest" name="test_s3_test_bad_creds_graceful" time="0.386" /><testcase classname="tests.test_threads_mentions_integrations.TestIntegrationFiles" name="test_dropbox_files_bad_creds_returns_400" time="0.495" /><testcase classname="tests.test_threads_mentions_integrations.TestIntegrationTest" name="test_dropbox_test_bad_creds_graceful" time="0.837" /><testcase classname="tests.test_threads_mentions_integrations.TestIntegrationFiles" name="test_gdrive_files_bad_creds_returns_400" time="0.307" /><testcase classname="tests.test_threads_mentions_integrations.TestIntegrationFiles" name="test_n8n_files_not_supported" time="0.241" /><testcase classname="tests.test_threads_mentions_integrations.TestIntegrationTest" name="test_gdrive_test_bad_creds_graceful" time="0.284" /><testcase classname="tests.test_threads_mentions_integrations.TestMentions" name="test_alice_mentions_bob_creates_notification" time="1.763" /><testcase classname="tests.test_threads_mentions_integrations.TestThreads" name="test_post_top_level_message" time="1.033" /><testcase classname="tests.test_threads_mentions_integrations.TestThreads" name="test_post_reply_with_parent_id" time="0.116" /><testcase classname="tests.test_threads_mentions_integrations.TestThreads" name="test_fetch_messages_returns_thread" time="0.101" /><testcase classname="tests.test_threads_mentions_integrations.TestAdminIntegrations" name="test_admin_lists_all_integrations" time="0.435" /><testcase classname="tests.test_threads_mentions_integrations.TestAdminIntegrations" name="test_non_admin_forbidden" time="0.099" /><testcase classname="tests.test_threads_mentions_integrations.TestMentions" name="test_self_mention_no_notification" time="0.415" /><testcase classname="tests.test_threads_mentions_integrations.TestRegression" name="test_normal_message_and_reaction" time="0.195" /><testcase classname="tests.test_threads_mentions_integrations.TestRegression" name="test_unreads_endpoint" time="0.108" /><testcase classname="tests.test_threads_mentions_integrations.TestIntegrationsCatalog" name="test_catalog_has_six_types" time="0.143" /><testcase classname="tests.test_threads_mentions_integrations.TestIntegrationRun" name="test_n8n_run_reachable" time="0.283" /><testcase classname="tests.test_threads_mentions_integrations.TestIntegrationsList" name="test_list_masks_secrets" time="0.625" /><testcase classname="tests.test_threads_mentions_integrations.TestIntegrationRun" name="test_run_non_n8n_rejected" time="0.546" /></testsuite></testsuites>