<?xml version="1.0" encoding="utf-8"?><testsuites name="pytest tests"><testsuite name="pytest" errors="0" failures="1" skipped="0" tests="9" time="4.820" timestamp="2026-07-16T14:42:48.431124+00:00" hostname="agent-env-0ad19cd9-5677-4eba-9ff7-ba7a5374d6b2"><testcase classname="tests.test_iteration27.TestAdminConfigs" name="test_smtp" time="1.179" /><testcase classname="tests.test_iteration27.TestAdminIntegrationRuns" name="test_forbidden_for_non_admin" time="0.724" /><testcase classname="tests.test_iteration27.TestAdminIntegrationRuns" name="test_admin_can_list" time="0.537" /><testcase classname="tests.test_iteration27.TestAdminConfigs" name="test_sfu" time="0.411" /><testcase classname="tests.test_iteration27.TestAdminIntegrationRuns" name="test_seed_n8n_run_then_visible_to_admin" time="2.182" /><testcase classname="tests.test_iteration27.TestAdminConfigs" name="test_rtc" time="0.392" /><testcase classname="tests.test_iteration27.TestRtcConfigPublic" name="test_get" time="0.460" /><testcase classname="tests.test_iteration27.TestUserSmtp" name="test_get_put_delete" time="0.558" /><testcase classname="tests.test_iteration27.TestMeetings" name="test_create_weekly_upcoming_and_ics" time="0.227"><failure message="AssertionError: expected &gt;=2 weekly occurrences, got 0&#10;assert 0 &gt;= 2&#10; +  where 0 = len([])">backend/tests/test_iteration27.py:110: in test_create_weekly_upcoming_and_ics
    assert len(occurrences) &gt;= 2, f"expected &gt;=2 weekly occurrences, got {len(occurrences)}"
E   AssertionError: expected &gt;=2 weekly occurrences, got 0
E   assert 0 &gt;= 2
E    +  where 0 = len([])</failure></testcase></testsuite></testsuites>