<?xml version="1.0" encoding="utf-8"?><testsuites name="pytest tests"><testsuite name="pytest" errors="0" failures="0" skipped="0" tests="12" time="5.272" timestamp="2026-07-15T23:58:30.934041+00:00" hostname="agent-env-0ad19cd9-5677-4eba-9ff7-ba7a5374d6b2"><testcase classname="tests.test_task_assignee_admin_integrations.TestAdminIntegrations" name="test_catalog_available_to_admin" time="2.133" /><testcase classname="tests.test_task_assignee_admin_integrations.TestAdminIntegrations" name="test_admin_can_connect_custom_and_it_appears_in_admin_list" time="0.408" /><testcase classname="tests.test_task_assignee_admin_integrations.TestTaskAssigneeDue" name="test_create_task_with_assignee_and_due" time="2.708" /><testcase classname="tests.test_task_assignee_admin_integrations.TestAdminIntegrations" name="test_admin_google_oauth_endpoint_still_works" time="0.108" /><testcase classname="tests.test_task_assignee_admin_integrations.TestRegressionQuick" name="test_all_seed_logins" time="1.350" /><testcase classname="tests.test_task_assignee_admin_integrations.TestTaskAssigneeDue" name="test_put_task_updates_assignee_and_due_persistent" time="0.622" /><testcase classname="tests.test_task_assignee_admin_integrations.TestTaskAssigneeDue" name="test_non_member_cannot_update_task" time="0.419" /><testcase classname="tests.test_task_assignee_admin_integrations.TestMyTasks" name="test_mytasks_returns_project_name_and_assignee_name" time="0.480" /><testcase classname="tests.test_task_assignee_admin_integrations.TestRegressionQuick" name="test_google_authorize_still_well_formed" time="0.123" /><testcase classname="tests.test_task_assignee_admin_integrations.TestRegressionQuick" name="test_projects_list_works" time="0.096" /><testcase classname="tests.test_task_assignee_admin_integrations.TestMyTasks" name="test_mytasks_membership_scoped" time="0.096" /><testcase classname="tests.test_task_assignee_admin_integrations.TestZzzCleanup" name="test_cleanup_test_data" time="0.431" /></testsuite></testsuites>