<?xml version="1.0" encoding="utf-8"?><testsuites name="pytest tests"><testsuite name="pytest" errors="0" failures="0" skipped="0" tests="14" time="5.369" timestamp="2026-07-31T16:41:36.021705+00:00" hostname="agent-env-0ad19cd9-5677-4eba-9ff7-ba7a5374d6b2"><testcase classname="tests.test_iter44_memory_deploy.TestMemoryCategories" name="test_pin_memory_with_each_category" time="2.533" /><testcase classname="tests.test_iter44_memory_deploy.TestSuggestedMemories" name="test_suggest_empty_returns_null" time="0.911" /><testcase classname="tests.test_iter44_memory_deploy.TestSuggestedMemories" name="test_suggest_durable_fact" time="2.193" /><testcase classname="tests.test_iter44_memory_deploy.TestMemoryCategories" name="test_invalid_category_defaults_to_general" time="0.071" /><testcase classname="tests.test_iter44_memory_deploy.TestMemoryCategories" name="test_get_ai_memory_returns_category" time="0.073" /><testcase classname="tests.test_iter44_memory_deploy.TestMemoryCategories" name="test_patch_memory_edit" time="0.186" /><testcase classname="tests.test_iter44_memory_deploy.TestMemoryCategories" name="test_patch_empty_rejected" time="0.138" /><testcase classname="tests.test_iter44_memory_deploy.TestMemoryCategories" name="test_cleanup" time="0.523" /><testcase classname="tests.test_iter44_memory_deploy.TestSuggestedMemories" name="test_suggest_when_memory_disabled" time="0.355" /><testcase classname="tests.test_iter44_memory_deploy.TestSuggestedMemories" name="test_accept_suggestion_saves_with_source" time="0.173" /><testcase classname="tests.test_iter44_memory_deploy.TestDeployPreset" name="test_catalog_lists_presets" time="0.063" /><testcase classname="tests.test_iter44_memory_deploy.TestDeployPreset" name="test_save_preset" time="0.123" /><testcase classname="tests.test_iter44_memory_deploy.TestAgentRegression" name="test_ai_agent_still_works" time="1.165" /><testcase classname="tests.test_iter44_memory_deploy.TestDeployPreset" name="test_cleanup_preset" time="0.129" /></testsuite></testsuites>