<?xml version="1.0" encoding="utf-8"?><testsuites name="pytest tests"><testsuite name="pytest" errors="0" failures="0" skipped="0" tests="6" time="13.885" timestamp="2026-07-31T21:43:06.649108+00:00" hostname="agent-env-0ad19cd9-5677-4eba-9ff7-ba7a5374d6b2"><testcase classname="tests.test_iteration_55.TestOpsOverview" name="test_ops_overview_shape" time="0.588" /><testcase classname="tests.test_iteration_55.TestBackgroundRetries" name="test_send_test_alert_returns_fast_on_failing_webhook" time="8.371" /><testcase classname="tests.test_iteration_55.TestBackgroundRetries" name="test_successful_send_logs_one_attempt" time="4.307" /><testcase classname="tests.test_iteration_55.TestPerChannelSync" name="test_test_one_returns_immediate_result_success" time="0.234" /><testcase classname="tests.test_iteration_55.TestPerChannelSync" name="test_test_one_returns_immediate_result_fail" time="0.230" /><testcase classname="tests.test_iteration_55" name="test_zzz_cleanup" time="0.104" /></testsuite></testsuites>