<?xml version="1.0" encoding="utf-8"?><testsuites name="pytest tests"><testsuite name="pytest" errors="0" failures="0" skipped="1" tests="9" time="2.619" timestamp="2026-07-16T00:58:03.978000+00:00" hostname="agent-env-0ad19cd9-5677-4eba-9ff7-ba7a5374d6b2"><testcase classname="tests.test_iteration19.TestUsersSearchLimit" name="test_limit_respected" time="0.633" /><testcase classname="tests.test_iteration19.TestDownloadsConfig" name="test_reset_empty_and_get" time="0.840" /><testcase classname="tests.test_iteration19.TestUsersSearchLimit" name="test_q_filter" time="0.105" /><testcase classname="tests.test_iteration19.TestUsersSearchLimit" name="test_q_filter_case_insensitive" time="0.105" /><testcase classname="tests.test_iteration19.TestDeleteAvatar" name="test_delete_avatar_returns_null" time="0.670" /><testcase classname="tests.test_iteration19.TestDownloadsConfig" name="test_non_admin_put_forbidden" time="0.715" /><testcase classname="tests.test_iteration19.TestMessagesPagination" name="test_limit_and_before" time="0.201"><skipped type="pytest.skip" message="no channels">/app/backend/tests/test_iteration19.py:122: no channels</skipped></testcase><testcase classname="tests.test_iteration19.TestDownloadsConfig" name="test_admin_set_repo_and_url" time="0.499" /><testcase classname="tests.test_iteration19.TestDownloadsConfig" name="test_cleanup_reset" time="0.099" /></testsuite></testsuites>