<?xml version="1.0" encoding="utf-8"?><testsuites name="pytest tests"><testsuite name="pytest" errors="0" failures="0" skipped="0" tests="12" time="62.543" timestamp="2026-07-16T04:13:32.470081+00:00" hostname="agent-env-0ad19cd9-5677-4eba-9ff7-ba7a5374d6b2"><testcase classname="tests.test_iteration26.TestSmtpConfig" name="test_me_smtp_get" time="30.639" /><testcase classname="tests.test_iteration26.TestSmtpConfig" name="test_me_smtp_put_and_delete" time="26.591" /><testcase classname="tests.test_iteration26.TestMeetings" name="test_meeting_none" time="50.136" /><testcase classname="tests.test_iteration26.TestMeetings" name="test_meeting_weekly_expansion_and_ics_rrule" time="0.318" /><testcase classname="tests.test_iteration26.TestMeetings" name="test_meeting_daily" time="7.453" /><testcase classname="tests.test_iteration26.TestSmtpConfig" name="test_admin_smtp_crud" time="1.011" /><testcase classname="tests.test_iteration26.TestRtcConfig" name="test_admin_rtc_crud" time="0.472" /><testcase classname="tests.test_iteration26.TestMeetings" name="test_admin_meetings" time="0.542" /><testcase classname="tests.test_iteration26.TestSfuConfig" name="test_admin_sfu_crud" time="0.434" /><testcase classname="tests.test_iteration26.TestRtcConfig" name="test_rtc_config_public" time="0.106" /><testcase classname="tests.test_iteration26.TestMcpTools" name="test_mcp_tools_graceful_on_non_mcp" time="1.786" /><testcase classname="tests.test_iteration26.TestN8NRunHistory" name="test_n8n_run_and_history" time="3.114" /></testsuite></testsuites>