<?xml version="1.0" encoding="utf-8"?><testsuites name="pytest tests"><testsuite name="pytest" errors="0" failures="0" skipped="0" tests="8" time="4.833" timestamp="2026-07-28T01:22:05.352762+00:00" hostname="agent-env-0ad19cd9-5677-4eba-9ff7-ba7a5374d6b2"><testcase classname="tests.test_iter42_bot_cards_health.TestRichCardIngest" name="test_card_only_ingest_creates_message_with_card" time="1.375" /><testcase classname="tests.test_iter42_bot_cards_health.TestBotHealthScan" name="test_non_admin_blocked" time="0.770" /><testcase classname="tests.test_iter42_bot_cards_health.TestBotHealthScan" name="test_admin_scan_returns_shape" time="0.549" /><testcase classname="tests.test_iter42_bot_cards_health.TestBotHealthScan" name="test_health_alert_flow_end_to_end" time="2.004" /><testcase classname="tests.test_iter42_bot_cards_health.TestRichCardIngest" name="test_text_plus_card_both_persist" time="0.617" /><testcase classname="tests.test_iter42_bot_cards_health.TestRichCardIngest" name="test_neither_text_nor_card_returns_400" time="0.465" /><testcase classname="tests.test_iter42_bot_cards_health.TestRichCardIngest" name="test_invalid_status_falls_back_to_info" time="0.613" /><testcase classname="tests.test_iter42_bot_cards_health.TestRichCardIngest" name="test_plain_text_ingest_regression" time="1.216" /></testsuite></testsuites>