<?xml version="1.0" encoding="utf-8"?><testsuites name="pytest tests"><testsuite name="pytest" errors="0" failures="0" skipped="0" tests="5" time="49.056" timestamp="2026-07-16T14:54:59.603248+00:00" hostname="agent-env-0ad19cd9-5677-4eba-9ff7-ba7a5374d6b2"><testcase classname="tests.test_iteration28_alerts" name="test_admin_get_alerts" time="0.494" /><testcase classname="tests.test_iteration28_alerts" name="test_non_admin_forbidden_get" time="0.417" /><testcase classname="tests.test_iteration28_alerts" name="test_non_admin_forbidden_put" time="0.123" /><testcase classname="tests.test_iteration28_alerts" name="test_put_and_threshold_clamp" time="0.487" /><testcase classname="tests.test_iteration28_alerts" name="test_end_to_end_alert_once_per_streak" time="47.483" /></testsuite></testsuites>