<?xml version="1.0" encoding="utf-8"?><testsuites name="pytest tests"><testsuite name="pytest" errors="0" failures="0" skipped="0" tests="18" time="7.839" timestamp="2026-07-15T23:19:19.590609+00:00" hostname="agent-env-0ad19cd9-5677-4eba-9ff7-ba7a5374d6b2"><testcase classname="tests.test_refactor_regression.TestAuth" name="test_all_four_logins" time="1.897" /><testcase classname="tests.test_refactor_regression.TestAuth" name="test_me" time="0.254" /><testcase classname="tests.test_refactor_regression.TestAuth" name="test_register_disabled_403" time="1.179" /><testcase classname="tests.test_refactor_regression.TestUsersFriendsDMs" name="test_friends_returns_200" time="2.475" /><testcase classname="tests.test_refactor_regression.TestUsersFriendsDMs" name="test_dms_returns_200" time="0.330" /><testcase classname="tests.test_refactor_regression.TestUsersFriendsDMs" name="test_presence_ping" time="0.141" /><testcase classname="tests.test_refactor_regression.TestUsersFriendsDMs" name="test_profile_update" time="0.380" /><testcase classname="tests.test_refactor_regression.TestUsersFriendsDMs" name="test_notes_crud" time="0.397" /><testcase classname="tests.test_refactor_regression.TestActivityAdmin" name="test_activity_me" time="0.118" /><testcase classname="tests.test_refactor_regression.TestActivityAdmin" name="test_admin_users_list" time="0.099" /><testcase classname="tests.test_refactor_regression.TestActivityAdmin" name="test_admin_monitoring" time="0.108" /><testcase classname="tests.test_refactor_regression.TestIntegrations" name="test_catalog_8_connectors" time="0.091" /><testcase classname="tests.test_refactor_regression.TestMessaging" name="test_workspace_channel_message" time="0.619" /><testcase classname="tests.test_refactor_regression.TestIntegrations" name="test_custom_connect_test" time="0.813" /><testcase classname="tests.test_refactor_regression.TestMessaging" name="test_websocket_realtime" time="2.282" /><testcase classname="tests.test_refactor_regression.TestProjects" name="test_project_kanban_membership" time="0.635" /><testcase classname="tests.test_refactor_regression.TestAI" name="test_ai_stream" time="1.297" /><testcase classname="tests.test_refactor_regression.TestAssets" name="test_upload_list_download" time="0.709" /></testsuite></testsuites>