<?xml version="1.0" encoding="utf-8"?><testsuites name="pytest tests"><testsuite name="pytest" errors="0" failures="0" skipped="0" tests="6" time="2.011" timestamp="2026-07-16T18:12:22.863025+00:00" hostname="agent-env-0ad19cd9-5677-4eba-9ff7-ba7a5374d6b2"><testcase classname="tests.test_iteration33_email_verify" name="test_register_returns_unverified_and_creates_token" time="0.652" /><testcase classname="tests.test_iteration33_email_verify" name="test_verify_email_bad_token" time="0.101" /><testcase classname="tests.test_iteration33_email_verify" name="test_resend_verification_unverified" time="0.330" /><testcase classname="tests.test_iteration33_email_verify" name="test_verify_email_happy_and_single_use" time="0.363" /><testcase classname="tests.test_iteration33_email_verify" name="test_resend_for_already_verified" time="0.106" /><testcase classname="tests.test_iteration33_email_verify" name="test_admin_user_shows_verified" time="0.339" /></testsuite></testsuites>