<?xml version="1.0" encoding="utf-8"?><testsuites name="pytest tests"><testsuite name="pytest" errors="0" failures="1" skipped="0" tests="12" time="5.258" timestamp="2026-07-15T22:52:13.421081+00:00" hostname="agent-env-0ad19cd9-5677-4eba-9ff7-ba7a5374d6b2"><testcase classname="tests.test_connection_methods.TestRegressionConnectors" name="test_aws_s3_test_graceful" time="1.197" /><testcase classname="tests.test_connection_methods.TestCustomApp" name="test_connect_custom_basic_and_masking" time="1.292" /><testcase classname="tests.test_connection_methods.TestRegressionConnectors" name="test_dropbox_test_graceful" time="0.485" /><testcase classname="tests.test_connection_methods.TestCustomApp" name="test_custom_api_key_method" time="0.476" /><testcase classname="tests.test_connection_methods.TestRegressionConnectors" name="test_llm_test_ok" time="0.254" /><testcase classname="tests.test_connection_methods.TestN8N" name="test_n8n_basic_auth_run" time="0.450" /><testcase classname="tests.test_connection_methods.TestRegressionConnectors" name="test_mcp_test_graceful" time="0.435" /><testcase classname="tests.test_connection_methods.TestN8N" name="test_n8n_url_only_still_works" time="0.806" /><testcase classname="tests.test_connection_methods.TestSeedLogins" name="test_all_four_logins" time="1.349" /><testcase classname="tests.test_connection_methods.TestCatalog" name="test_catalog_has_eight_connectors_with_methods" time="0.106" /><testcase classname="tests.test_connection_methods.TestEncryptionAtRest" name="test_secret_fields_encrypted_in_db" time="0.973"><failure message="AssertionError: assert 'gAAAAABqWA8h...IO-uLrt9G6g==' == 'u'&#10;  &#10;  - u&#10;  + gAAAAABqWA8huDji6aiyfcSXRXfV8GekKBExdy0L8-QN6Hq0sZZH1S5fohUi8Zy6c0p-od_0_eD60HT7-GblufAIO-uLrt9G6g==">backend/tests/test_connection_methods.py:230: in test_secret_fields_encrypted_in_db
    assert doc["config"]["username"] == "u"
E   AssertionError: assert 'gAAAAABqWA8h...IO-uLrt9G6g==' == 'u'
E     
E     - u
E     + gAAAAABqWA8huDji6aiyfcSXRXfV8GekKBExdy0L8-QN6Hq0sZZH1S5fohUi8Zy6c0p-od_0_eD60HT7-GblufAIO-uLrt9G6g==</failure></testcase><testcase classname="tests.test_connection_methods.TestEmail" name="test_email_connect_and_test_graceful" time="0.893" /></testsuite></testsuites>