<?xml version="1.0" encoding="utf-8"?><testsuites name="pytest tests"><testsuite name="pytest" errors="0" failures="0" skipped="0" tests="4" time="3.203" timestamp="2026-07-16T03:22:43.916986+00:00" hostname="agent-env-0ad19cd9-5677-4eba-9ff7-ba7a5374d6b2"><testcase classname="tests.test_meetings_invites" name="test_create_scheduled_meeting_invites_and_notifies" time="1.919" /><testcase classname="tests.test_meetings_invites" name="test_upcoming_lists_meeting_for_host_and_invitee" time="0.196" /><testcase classname="tests.test_meetings_invites" name="test_ics_endpoint_returns_valid_vcalendar" time="0.097" /><testcase classname="tests.test_meetings_invites" name="test_smtp_config_admin_gating_and_roundtrip" time="0.939" /></testsuite></testsuites>