<?xml version="1.0" encoding="utf-8"?><testsuites name="pytest tests"><testsuite name="pytest" errors="0" failures="0" skipped="0" tests="11" time="7.697" timestamp="2026-07-27T23:45:32.626128+00:00" hostname="agent-env-0ad19cd9-5677-4eba-9ff7-ba7a5374d6b2"><testcase classname="tests.test_iteration39_email_diag.TestAuth" name="test_admin_login" time="0.493" /><testcase classname="tests.test_iteration39_email_diag.TestAuth" name="test_demo_login" time="0.428" /><testcase classname="tests.test_iteration39_email_diag.TestAuth" name="test_alice_bob_login" time="1.709" /><testcase classname="tests.test_iteration39_email_diag.TestEmailDiagnostics" name="test_setup_status_shows_active_mailgun" time="0.832" /><testcase classname="tests.test_iteration39_email_diag.TestEmailDiagnostics" name="test_test_email_detail_leads_with_active_provider" time="0.700" /><testcase classname="tests.test_iteration39_email_diag.TestSuperAdminGating" name="test_admin_can_access_db_and_storage_overview" time="0.595" /><testcase classname="tests.test_iteration39_email_diag.TestSuperAdminGating" name="test_demo_blocked" time="0.594" /><testcase classname="tests.test_iteration39_email_diag.TestMeetings" name="test_rtc_config_has_ice_servers" time="0.428" /><testcase classname="tests.test_iteration39_email_diag.TestMeetings" name="test_sfu_token_returns_400_when_disabled" time="0.554" /><testcase classname="tests.test_iteration39_email_diag.TestBotsRegression" name="test_create_bot_and_ingest" time="0.849" /><testcase classname="tests.test_iteration39_email_diag.TestBotsRegression" name="test_cleanup_bot" time="0.438" /></testsuite></testsuites>