<?xml version="1.0" encoding="utf-8"?><testsuites name="pytest tests"><testsuite name="pytest" errors="0" failures="1" skipped="0" tests="18" time="6.983" timestamp="2026-07-31T16:01:27.104797+00:00" hostname="agent-env-0ad19cd9-5677-4eba-9ff7-ba7a5374d6b2"><testcase classname="tests.test_iter43_deploy_aimemory.TestAiMemory" name="test_get_config" time="0.771" /><testcase classname="tests.test_iter43_deploy_aimemory.TestDeploymentCenter" name="test_catalog" time="0.769" /><testcase classname="tests.test_iter43_deploy_aimemory.TestDeploymentCenter" name="test_config_save" time="0.294" /><testcase classname="tests.test_iter43_deploy_aimemory.TestAiMemory" name="test_put_config" time="0.270" /><testcase classname="tests.test_iter43_deploy_aimemory.TestAiMemory" name="test_add_memory_user_scope" time="0.113" /><testcase classname="tests.test_iter43_deploy_aimemory.TestDeploymentCenter" name="test_generate_bundle" time="0.163" /><testcase classname="tests.test_iter43_deploy_aimemory.TestAiMemory" name="test_add_memory_workspace_scope" time="0.117" /><testcase classname="tests.test_iter43_deploy_aimemory.TestDeploymentCenter" name="test_regenerate_produces_fresh_secrets" time="0.134" /><testcase classname="tests.test_iter43_deploy_aimemory.TestAiMemory" name="test_list_filter_by_scope" time="0.107" /><testcase classname="tests.test_iter43_deploy_aimemory.TestDeploymentCenter" name="test_download_zip" time="0.115" /><testcase classname="tests.test_iter43_deploy_aimemory.TestAiMemory" name="test_list_search_q" time="0.150" /><testcase classname="tests.test_iter43_deploy_aimemory.TestDeploymentCenter" name="test_apply_calls_wires_meetings" time="0.361" /><testcase classname="tests.test_iter43_deploy_aimemory.TestAiMemory" name="test_add_empty_content_rejected" time="0.107" /><testcase classname="tests.test_iter43_deploy_aimemory.TestAiMemory" name="test_delete_one" time="0.106" /><testcase classname="tests.test_iter43_deploy_aimemory.TestAiMemory" name="test_clear_scope" time="0.561" /><testcase classname="tests.test_iter43_deploy_aimemory.TestDeploymentCenter" name="test_non_admin_blocked" time="3.435" /><testcase classname="tests.test_iter43_deploy_aimemory.TestAiMemory" name="test_ai_chat_streams_with_memory" time="4.121" /><testcase classname="tests.test_iter43_deploy_aimemory.TestBotCallbackTrend" name="test_list_bots_safe_with_empty" time="0.136"><failure message="AssertionError: assert False&#10; +  where False = isinstance({'bots': []}, list)">tests/test_iter43_deploy_aimemory.py:253: in test_list_bots_safe_with_empty
    assert isinstance(bots, list)
E   AssertionError: assert False
E    +  where False = isinstance({'bots': []}, list)</failure></testcase></testsuite></testsuites>