<?xml version="1.0" encoding="utf-8"?><testsuites name="pytest tests"><testsuite name="pytest" errors="0" failures="0" skipped="0" tests="7" time="2.891" timestamp="2026-07-16T16:07:32.861314+00:00" hostname="agent-env-0ad19cd9-5677-4eba-9ff7-ba7a5374d6b2"><testcase classname="tests.test_heatmap" name="test_track_public_no_auth" time="0.173" /><testcase classname="tests.test_heatmap" name="test_track_invalid_type_ignored" time="0.141" /><testcase classname="tests.test_heatmap" name="test_heatmap_paths_requires_admin" time="0.623" /><testcase classname="tests.test_heatmap" name="test_heatmap_clicks_requires_admin" time="0.130" /><testcase classname="tests.test_heatmap" name="test_heatmap_paths_shape" time="0.682" /><testcase classname="tests.test_heatmap" name="test_heatmap_clicks_shape" time="0.170" /><testcase classname="tests.test_heatmap" name="test_admin_heatmap_grid" time="0.139" /></testsuite></testsuites>