<?xml version="1.0" encoding="utf-8"?><testsuites name="pytest tests"><testsuite name="pytest" errors="0" failures="0" skipped="0" tests="9" time="10.959" timestamp="2026-07-31T21:25:48.352843+00:00" hostname="agent-env-0ad19cd9-5677-4eba-9ff7-ba7a5374d6b2"><testcase classname="tests.test_iter54_channels_full.TestChannelsPersistence" name="test_save_and_reload" time="0.534" /><testcase classname="tests.test_iter54_channels_full.TestTestOne" name="test_success_200" time="0.210" /><testcase classname="tests.test_iter54_channels_full.TestTestOne" name="test_failure_418" time="0.179" /><testcase classname="tests.test_iter54_channels_full.TestTestOne" name="test_empty_url_400" time="0.099" /><testcase classname="tests.test_iter54_channels_full.TestTestOne" name="test_unreachable_502" time="0.106" /><testcase classname="tests.test_iter54_channels_full.TestDeliveryLog" name="test_deliveries_grouped" time="0.780" /><testcase classname="tests.test_iter54_channels_full.TestRetryBackoff" name="test_retry_attempts_3_on_500" time="5.337" /><testcase classname="tests.test_iter54_channels_full.TestRetryBackoff" name="test_success_attempts_1" time="1.327" /><testcase classname="tests.test_iter54_channels_full.TestRouting" name="test_maintenance_only_receives_maintenance" time="2.330" /></testsuite></testsuites>