<?xml version="1.0" encoding="utf-8"?><testsuites name="pytest tests"><testsuite name="pytest" errors="0" failures="0" skipped="0" tests="3" time="3.827" timestamp="2026-07-16T01:10:43.315545+00:00" hostname="agent-env-0ad19cd9-5677-4eba-9ff7-ba7a5374d6b2"><testcase classname="tests.test_devices_sessions" name="test_admin_login_regression" time="0.500" /><testcase classname="tests.test_devices_sessions" name="test_devices_flow_end_to_end" time="1.541" /><testcase classname="tests.test_devices_sessions" name="test_single_revoke" time="1.294" /></testsuite></testsuites>