<?xml version="1.0" encoding="utf-8"?><testsuites name="pytest tests"><testsuite name="pytest" errors="0" failures="0" skipped="0" tests="8" time="2.086" timestamp="2026-07-16T03:57:40.587346+00:00" hostname="agent-env-0ad19cd9-5677-4eba-9ff7-ba7a5374d6b2"><testcase classname="tests.test_iteration25.TestMySmtpConfig" name="test_get_initial" time="0.694" /><testcase classname="tests.test_iteration25.TestAdminClearConfigs" name="test_smtp_clear" time="0.894" /><testcase classname="tests.test_iteration25.TestMySmtpConfig" name="test_put_and_get_has_password" time="0.248" /><testcase classname="tests.test_iteration25.TestAdminClearConfigs" name="test_sfu_clear" time="0.331" /><testcase classname="tests.test_iteration25.TestMySmtpConfig" name="test_delete_clears" time="0.231" /><testcase classname="tests.test_iteration25.TestRecurringMeetings" name="test_weekly_expansion" time="0.204" /><testcase classname="tests.test_iteration25.TestAdminClearConfigs" name="test_rtc_clear" time="0.334" /><testcase classname="tests.test_iteration25.TestRecurringMeetings" name="test_none_recurrence_once" time="0.193" /></testsuite></testsuites>