<?xml version="1.0" encoding="utf-8"?><testsuites name="pytest tests"><testsuite name="pytest" errors="0" failures="0" skipped="0" tests="14" time="2.821" timestamp="2026-07-31T17:23:23.773741+00:00" hostname="agent-env-0ad19cd9-5677-4eba-9ff7-ba7a5374d6b2"><testcase classname="tests.test_iter45_undo_export_diag.TestMemoryExport" name="test_seed" time="0.968" /><testcase classname="tests.test_iter45_undo_export_diag.TestMemoryUndoForget" name="test_seed_memories" time="1.023" /><testcase classname="tests.test_iter45_undo_export_diag.TestMemoryExport" name="test_export_json" time="0.104" /><testcase classname="tests.test_iter45_undo_export_diag.TestMemoryUndoForget" name="test_bulk_delete_and_restore" time="0.508" /><testcase classname="tests.test_iter45_undo_export_diag.TestMemoryExport" name="test_export_csv" time="0.106" /><testcase classname="tests.test_iter45_undo_export_diag.TestMemoryExport" name="test_cleanup" time="0.151" /><testcase classname="tests.test_iter45_undo_export_diag.TestDiagnostics" name="test_diagnose_requires_admin" time="0.160" /><testcase classname="tests.test_iter45_undo_export_diag.TestDiagnostics" name="test_diagnose_full_report" time="0.126" /><testcase classname="tests.test_iter45_undo_export_diag.TestMemoryUndoForget" name="test_restore_idempotent" time="0.209" /><testcase classname="tests.test_iter45_undo_export_diag.TestDiagnostics" name="test_diagnose_download_markdown" time="0.103" /><testcase classname="tests.test_iter45_undo_export_diag.TestRegression" name="test_pin_edit_recategorize_bulk_move" time="0.442" /><testcase classname="tests.test_iter45_undo_export_diag.TestMemoryUndoForget" name="test_bulk_delete_empty_returns_400" time="0.108" /><testcase classname="tests.test_iter45_undo_export_diag.TestMemoryUndoForget" name="test_cleanup" time="0.381" /><testcase classname="tests.test_iter45_undo_export_diag.TestRegression" name="test_deploy_catalog_still_works" time="0.112" /></testsuite></testsuites>