<?xml version="1.0" encoding="utf-8"?><testsuites name="pytest tests"><testsuite name="pytest" errors="0" failures="0" skipped="0" tests="9" time="10.115" timestamp="2026-07-31T18:34:17.162907+00:00" hostname="agent-env-0ad19cd9-5677-4eba-9ff7-ba7a5374d6b2"><testcase classname="tests.test_iter47_status_incidents.TestPublicSubscribe" name="test_valid_email" time="0.826" /><testcase classname="tests.test_iter47_status_incidents.TestStatusPageMeta" name="test_get_status_page_config" time="0.893" /><testcase classname="tests.test_iter47_status_incidents.TestPublicSubscribe" name="test_duplicate_email" time="0.404" /><testcase classname="tests.test_iter47_status_incidents.TestStatusPageMeta" name="test_toggle_auto_incidents_persists" time="0.279" /><testcase classname="tests.test_iter47_status_incidents.TestPublicStatusUptimeWindows" name="test_public_returns_windows" time="0.220" /><testcase classname="tests.test_iter47_status_incidents.TestPublicSubscribe" name="test_invalid_email" time="0.243" /><testcase classname="tests.test_iter47_status_incidents.TestIncidentManagement" name="test_manual_create_update_resolve" time="8.097" /><testcase classname="tests.test_iter47_status_incidents.TestPublicSubscribe" name="test_subscribe_when_disabled" time="0.327" /><testcase classname="tests.test_iter47_status_incidents.TestAutoIncidentE2E" name="test_diagnostics_creates_public_incident" time="0.312" /></testsuite></testsuites>