<?xml version="1.0" encoding="utf-8"?><testsuites name="pytest tests"><testsuite name="pytest" errors="0" failures="0" skipped="0" tests="6" time="3.564" timestamp="2026-07-31T18:11:39.618496+00:00" hostname="agent-env-0ad19cd9-5677-4eba-9ff7-ba7a5374d6b2"><testcase classname="tests.test_iter46_status_page" name="test_public_status_when_disabled_returns_enabled_false" time="0.673" /><testcase classname="tests.test_iter46_status_page" name="test_status_page_toggle_persist_and_public_render" time="0.684" /><testcase classname="tests.test_iter46_status_page" name="test_public_status_no_auth_required" time="0.108" /><testcase classname="tests.test_iter46_status_page" name="test_incident_note_flow_and_public_incidents" time="0.908" /><testcase classname="tests.test_iter46_status_page" name="test_incident_note_missing_alert_returns_404" time="0.436" /><testcase classname="tests.test_iter46_status_page" name="test_status_page_requires_admin" time="0.199" /></testsuite></testsuites>