<?xml version="1.0" encoding="utf-8"?><testsuites name="pytest tests"><testsuite name="pytest" errors="0" failures="0" skipped="0" tests="8" time="3.819" timestamp="2026-07-16T19:29:35.170017+00:00" hostname="agent-env-0ad19cd9-5677-4eba-9ff7-ba7a5374d6b2"><testcase classname="tests.test_iteration34_crm" name="test_public_lead_capture_creates" time="0.241" /><testcase classname="tests.test_iteration34_crm" name="test_public_lead_duplicate_returns_duplicate_flag" time="0.247" /><testcase classname="tests.test_iteration34_crm" name="test_public_lead_invalid_email_400" time="0.128" /><testcase classname="tests.test_iteration34_crm" name="test_crm_endpoints_require_admin" time="0.384" /><testcase classname="tests.test_iteration34_crm" name="test_sync_users_idempotent" time="0.700" /><testcase classname="tests.test_iteration34_crm" name="test_crm_stats_shape" time="0.164" /><testcase classname="tests.test_iteration34_crm" name="test_contacts_list_filters_and_pagination" time="0.131" /><testcase classname="tests.test_iteration34_crm" name="test_contact_lifecycle" time="1.291" /></testsuite></testsuites>