<?xml version="1.0" encoding="utf-8"?><testsuites name="pytest tests"><testsuite name="pytest" errors="0" failures="0" skipped="0" tests="5" time="2.198" timestamp="2026-07-16T02:22:58.523007+00:00" hostname="agent-env-0ad19cd9-5677-4eba-9ff7-ba7a5374d6b2"><testcase classname="tests.test_rtc_config" name="test_rtc_config_stun_default" time="0.938" /><testcase classname="tests.test_rtc_config" name="test_admin_rtc_get_masks_credential" time="0.148" /><testcase classname="tests.test_rtc_config" name="test_admin_rtc_forbidden_for_non_admin" time="0.104" /><testcase classname="tests.test_rtc_config" name="test_set_turn_and_verify_appears_in_ice" time="0.414" /><testcase classname="tests.test_rtc_config" name="test_create_meeting" time="0.105" /></testsuite></testsuites>