<?xml version="1.0" encoding="utf-8"?><testsuites name="pytest tests"><testsuite name="pytest" errors="0" failures="0" skipped="0" tests="16" time="3.733" timestamp="2026-07-15T23:38:48.510838+00:00" hostname="agent-env-0ad19cd9-5677-4eba-9ff7-ba7a5374d6b2"><testcase classname="tests.test_google_oauth_mytasks.TestMyTasks" name="test_my_tasks_endpoint_shape" time="0.623" /><testcase classname="tests.test_google_oauth_mytasks.TestAdminGoogleOAuth" name="test_get_returns_client_id_and_masked_secret" time="0.724" /><testcase classname="tests.test_google_oauth_mytasks.TestMyTasks" name="test_create_project_and_tasks_appear" time="0.811" /><testcase classname="tests.test_google_oauth_mytasks.TestAdminGoogleOAuth" name="test_non_admin_forbidden_get" time="0.534" /><testcase classname="tests.test_google_oauth_mytasks.TestAdminGoogleOAuth" name="test_non_admin_forbidden_put" time="0.107" /><testcase classname="tests.test_google_oauth_mytasks.TestAdminGoogleOAuth" name="test_put_masked_secret_does_not_overwrite" time="0.976" /><testcase classname="tests.test_google_oauth_mytasks.TestMyTasks" name="test_bob_does_not_see_alice_private_tasks" time="0.434" /><testcase classname="tests.test_google_oauth_mytasks.TestMyTasks" name="test_zzz_cleanup" time="0.733" /><testcase classname="tests.test_google_oauth_mytasks.TestAdminGoogleOAuth" name="test_put_real_client_id_updates" time="0.313" /><testcase classname="tests.test_google_oauth_mytasks.TestGoogleAuthorize" name="test_authorize_returns_well_formed_url" time="0.189" /><testcase classname="tests.test_google_oauth_mytasks.TestGoogleCallback" name="test_callback_no_params_redirects_to_error" time="0.118" /><testcase classname="tests.test_google_oauth_mytasks.TestGoogleCallback" name="test_callback_bad_state_redirects_to_error" time="0.105" /><testcase classname="tests.test_google_oauth_mytasks.TestGoogleAuthorize" name="test_authorize_requires_auth" time="0.100" /><testcase classname="tests.test_google_oauth_mytasks.TestGoogleCallback" name="test_callback_error_param_redirects" time="0.101" /><testcase classname="tests.test_google_oauth_mytasks.TestCatalog" name="test_google_drive_is_oauth" time="0.112" /><testcase classname="tests.test_google_oauth_mytasks.TestCatalog" name="test_google_drive_not_connected_404_not_500" time="0.210" /></testsuite></testsuites>