<?xml version="1.0" encoding="utf-8"?><testsuites name="pytest tests"><testsuite name="pytest" errors="0" failures="0" skipped="0" tests="8" time="1.809" timestamp="2026-07-31T18:45:59.477671+00:00" hostname="agent-env-0ad19cd9-5677-4eba-9ff7-ba7a5374d6b2"><testcase classname="tests.test_iter48_maintenance_component.TestComponentHistory" name="test_valid_component" time="1.391" /><testcase classname="tests.test_iter48_maintenance_component.TestMaintenanceCRUD" name="test_list_maintenance" time="0.775" /><testcase classname="tests.test_iter48_maintenance_component.TestMaintenanceCRUD" name="test_create_maintenance_valid" time="0.105" /><testcase classname="tests.test_iter48_maintenance_component.TestMaintenanceCRUD" name="test_create_maintenance_bad_times" time="0.052" /><testcase classname="tests.test_iter48_maintenance_component.TestMaintenanceCRUD" name="test_create_maintenance_missing_times" time="0.053" /><testcase classname="tests.test_iter48_maintenance_component.TestMaintenanceCRUD" name="test_public_maintenance_visible" time="0.113" /><testcase classname="tests.test_iter48_maintenance_component.TestMaintenanceCRUD" name="test_delete_maintenance" time="0.111" /><testcase classname="tests.test_iter48_maintenance_component.TestComponentHistory" name="test_invalid_component_404" time="0.106" /></testsuite></testsuites>