<?xml version="1.0" encoding="utf-8"?><testsuites name="pytest tests"><testsuite name="pytest" errors="0" failures="1" skipped="0" tests="18" time="5.215" timestamp="2026-07-27T23:34:41.282152+00:00" hostname="agent-env-0ad19cd9-5677-4eba-9ff7-ba7a5374d6b2"><testcase classname="tests.test_iteration38_bots_ops.TestAuth" name="test_admin_login" time="0.550" /><testcase classname="tests.test_iteration38_bots_ops.TestAuth" name="test_demo_login" time="0.806" /><testcase classname="tests.test_iteration38_bots_ops.TestSuperAdminGating" name="test_whoami_admin_true" time="0.106" /><testcase classname="tests.test_iteration38_bots_ops.TestSuperAdminGating" name="test_db_overview_admin" time="0.432" /><testcase classname="tests.test_iteration38_bots_ops.TestSuperAdminGating" name="test_db_overview_demo_forbidden" time="0.110" /><testcase classname="tests.test_iteration38_bots_ops.TestOpsWebhookEvents" name="test_events_roundtrip" time="0.344" /><testcase classname="tests.test_iteration38_bots_ops.TestOpsWebhookEvents" name="test_test_endpoint_no_url_returns_400" time="0.209" /><testcase classname="tests.test_iteration38_bots_ops.TestBots" name="test_create_bot" time="0.296" /><testcase classname="tests.test_iteration38_bots_ops.TestBots" name="test_list_bots_shows_created" time="0.117" /><testcase classname="tests.test_iteration38_bots_ops.TestBots" name="test_ingest_no_token_401" time="0.109" /><testcase classname="tests.test_iteration38_bots_ops.TestBots" name="test_ingest_bad_token_401" time="0.178" /><testcase classname="tests.test_iteration38_bots_ops.TestBots" name="test_ingest_success_and_message_persists" time="0.383" /><testcase classname="tests.test_iteration38_bots_ops.TestBots" name="test_disable_bot_ingest_403" time="0.352" /><testcase classname="tests.test_iteration38_bots_ops.TestBots" name="test_rotate_invalidates_old_token" time="0.365" /><testcase classname="tests.test_iteration38_bots_ops.TestBots" name="test_bots_are_per_user" time="0.102" /><testcase classname="tests.test_iteration38_bots_ops.TestBots" name="test_delete_bot" time="0.334" /><testcase classname="tests.test_iteration38_bots_ops.TestMessagingRegression" name="test_send_message" time="0.099"><failure message="AssertionError: {&quot;detail&quot;:&quot;Method Not Allowed&quot;}&#10;assert 405 in (200, 201)&#10; +  where 405 = &lt;Response [405]&gt;.status_code">tests/test_iteration38_bots_ops.py:246: in test_send_message
    assert r.status_code in (200, 201), r.text
E   AssertionError: {"detail":"Method Not Allowed"}
E   assert 405 in (200, 201)
E    +  where 405 = &lt;Response [405]&gt;.status_code</failure></testcase><testcase classname="tests.test_iteration38_bots_ops.TestMessagingRegression" name="test_projects_list" time="0.224" /></testsuite></testsuites>