<?xml version="1.0" encoding="utf-8"?><testsuites name="pytest tests"><testsuite name="pytest" errors="0" failures="0" skipped="0" tests="5" time="3.294" timestamp="2026-07-15T21:25:24.073904+00:00" hostname="agent-env-0ad19cd9-5677-4eba-9ff7-ba7a5374d6b2"><testcase classname="tests.test_notes_and_admin.TestNotes" name="test_create_get_update_delete_note" time="1.647" /><testcase classname="tests.test_notes_and_admin.TestAdminDisable" name="test_disable_and_reinstate_bob" time="1.750" /><testcase classname="tests.test_notes_and_admin.TestNotes" name="test_notes_are_private_per_user" time="1.065" /><testcase classname="tests.test_notes_and_admin.TestAdminDisable" name="test_admin_users_requires_admin" time="0.671" /><testcase classname="tests.test_notes_and_admin.TestNotes" name="test_notes_requires_auth" time="0.117" /></testsuite></testsuites>