<?xml version="1.0" encoding="utf-8"?><testsuites name="pytest tests"><testsuite name="pytest" errors="0" failures="0" skipped="0" tests="7" time="8.429" timestamp="2026-07-16T15:28:14.202974+00:00" hostname="agent-env-0ad19cd9-5677-4eba-9ff7-ba7a5374d6b2"><testcase classname="tests.test_sitenote_ai" name="test_public_site_config_no_auth" time="0.171" /><testcase classname="tests.test_sitenote_ai" name="test_admin_put_site_config_persists" time="0.567" /><testcase classname="tests.test_sitenote_ai" name="test_non_admin_forbidden_on_admin_site_config" time="0.584" /><testcase classname="tests.test_sitenote_ai" name="test_ai_contact_support_flow" time="3.501" /><testcase classname="tests.test_sitenote_ai" name="test_ai_create_project_regression" time="1.506" /><testcase classname="tests.test_sitenote_ai" name="test_ai_informational_question_regression" time="1.280" /><testcase classname="tests.test_sitenote_ai" name="test_zz_cleanup" time="0.327" /></testsuite></testsuites>