<?xml version="1.0" encoding="utf-8"?><testsuites name="pytest tests"><testsuite name="pytest" errors="0" failures="0" skipped="0" tests="8" time="2.251" timestamp="2026-07-16T17:47:46.028493+00:00" hostname="agent-env-0ad19cd9-5677-4eba-9ff7-ba7a5374d6b2"><testcase classname="tests.test_email_provider_and_digest.TestGmailOAuth" name="test_authorize_returns_google_url" time="0.907" /><testcase classname="tests.test_email_provider_and_digest.TestEmailProvider" name="test_get_email_provider_defaults" time="0.763" /><testcase classname="tests.test_email_provider_and_digest.TestEmailProvider" name="test_put_email_provider_persists" time="0.622" /><testcase classname="tests.test_email_provider_and_digest.TestGmailOAuth" name="test_authorize_requires_admin" time="0.097" /><testcase classname="tests.test_email_provider_and_digest.TestGmailOAuth" name="test_disconnect_ok" time="0.099" /><testcase classname="tests.test_email_provider_and_digest.TestEmailProvider" name="test_email_provider_requires_admin" time="0.143" /><testcase classname="tests.test_email_provider_and_digest.TestDigest" name="test_preview_weekly_contains_upcoming_meetings" time="0.118" /><testcase classname="tests.test_email_provider_and_digest.TestDigest" name="test_history_endpoint" time="0.106" /></testsuite></testsuites>