<?xml version="1.0" encoding="utf-8"?><testsuites name="pytest tests"><testsuite name="pytest" errors="0" failures="0" skipped="0" tests="14" time="59.209" timestamp="2026-07-15T18:28:01.356306+00:00" hostname="agent-env-0ad19cd9-5677-4eba-9ff7-ba7a5374d6b2"><testcase classname="tests.backend_test.TestAuth" name="test_admin_login" time="36.290" /><testcase classname="tests.backend_test.TestAuth" name="test_me_admin" time="0.262" /><testcase classname="tests.backend_test.TestIntegrations" name="test_catalog" time="57.250" /><testcase classname="tests.backend_test.TestAuth" name="test_register_and_login" time="0.799" /><testcase classname="tests.backend_test.TestAuth" name="test_invalid_login" time="0.138" /><testcase classname="tests.backend_test.TestDashboard" name="test_stats" time="12.368" /><testcase classname="tests.backend_test.TestMessaging" name="test_workspace_channels_messages" time="4.112" /><testcase classname="tests.backend_test.TestProjects" name="test_project_crud" time="0.488" /><testcase classname="tests.backend_test.TestAssets" name="test_upload_list_download_delete" time="1.064" /><testcase classname="tests.backend_test.TestProfile" name="test_update_profile" time="0.226" /><testcase classname="tests.backend_test.TestAI" name="test_ai_stream" time="2.364" /><testcase classname="tests.backend_test.TestIntegrations" name="test_create_delete" time="0.761" /><testcase classname="tests.backend_test.TestAdmin" name="test_admin_stats" time="0.485" /><testcase classname="tests.backend_test.TestAdmin" name="test_admin_forbidden_for_user" time="0.155" /></testsuite></testsuites>