<?xml version="1.0" encoding="utf-8"?><testsuites name="pytest tests"><testsuite name="pytest" errors="0" failures="0" skipped="0" tests="5" time="1.785" timestamp="2026-07-16T00:43:02.935765+00:00" hostname="agent-env-0ad19cd9-5677-4eba-9ff7-ba7a5374d6b2"><testcase classname="tests.test_qr_login" name="test_qr_generate_requires_auth" time="0.132" /><testcase classname="tests.test_qr_login" name="test_qr_generate_ok" time="0.470" /><testcase classname="tests.test_qr_login" name="test_qr_claim_flow" time="0.457" /><testcase classname="tests.test_qr_login" name="test_qr_claim_invalid_token" time="0.095" /><testcase classname="tests.test_qr_login" name="test_qr_claim_missing_token" time="0.141" /></testsuite></testsuites>