<?xml version="1.0" encoding="utf-8"?><testsuites name="pytest tests"><testsuite name="pytest" errors="2" failures="0" skipped="0" tests="16" time="4.932" timestamp="2026-07-16T00:23:13.627616+00:00" hostname="agent-env-0ad19cd9-5677-4eba-9ff7-ba7a5374d6b2"><testcase classname="tests.test_reminders_regression" name="test_all_four_logins" time="1.429" /><testcase classname="tests.test_reminders_regression" name="test_auth_me" time="0.419" /><testcase classname="tests.test_reminders_regression" name="test_protected_routes_with_token[/api/workspaces]" time="0.105" /><testcase classname="tests.test_reminders_regression" name="test_protected_routes_with_token[/api/projects]" time="0.093" /><testcase classname="tests.test_reminders_regression" name="test_protected_routes_with_token[/api/tasks/mine]" time="0.115" /><testcase classname="tests.test_reminders_regression" name="test_protected_routes_with_token[/api/notifications]" time="0.152" /><testcase classname="tests.test_reminders_regression" name="test_protected_routes_with_token[/api/integrations]" time="0.103" /><testcase classname="tests.test_reminders_regression" name="test_protected_routes_without_token[/api/workspaces]" time="0.104" /><testcase classname="tests.test_reminders_regression" name="test_protected_routes_without_token[/api/projects]" time="0.114" /><testcase classname="tests.test_reminders_regression" name="test_protected_routes_without_token[/api/tasks/mine]" time="0.097" /><testcase classname="tests.test_reminders_regression" name="test_protected_routes_without_token[/api/notifications]" time="0.094" /><testcase classname="tests.test_reminders_regression" name="test_google_authorize_url" time="0.126" /><testcase classname="tests.test_reminders_regression" name="test_admin_disable_reinstate" time="0.963" /><testcase classname="tests.test_reminders_regression" name="test_scan_reminders_non_admin_403" time="0.113" /><testcase classname="tests.test_reminders_regression" name="test_scan_reminders_creates_notification" time="0.335"><error message="failed on setup with &quot;AssertionError: {&quot;detail&quot;:&quot;Not Found&quot;}&#10;assert 404 == 200&#10; +  where 404 = &lt;Response [404]&gt;.status_code&quot;">backend/tests/test_reminders_regression.py:121: in project_and_task
    assert pr.status_code == 200, pr.text
E   AssertionError: {"detail":"Not Found"}
E   assert 404 == 200
E    +  where 404 = &lt;Response [404]&gt;.status_code</error></testcase><testcase classname="tests.test_reminders_regression" name="test_reminder_reset_on_update" time="0.000"><error message="failed on setup with &quot;AssertionError: {&quot;detail&quot;:&quot;Not Found&quot;}&#10;assert 404 == 200&#10; +  where 404 = &lt;Response [404]&gt;.status_code&quot;">backend/tests/test_reminders_regression.py:121: in project_and_task
    assert pr.status_code == 200, pr.text
E   AssertionError: {"detail":"Not Found"}
E   assert 404 == 200
E    +  where 404 = &lt;Response [404]&gt;.status_code</error></testcase></testsuite></testsuites>